2018/06/01 06:08:40 [error] [php] count(): Parameter must be an array or an object that implements Countable (O:\xamp\localhost\2018\php\yii\yii-app\framework\db\ar\CActiveFinder.php:1431)
Stack trace:
#0 O:\xamp\localhost\2018\php\yii\yii-app\framework\db\ar\CActiveFinder.php(68): CJoinElement->find()
#1 O:\xamp\localhost\2018\php\yii\yii-app\framework\db\ar\CActiveRecord.php(1364): CActiveFinder->query()
#2 O:\xamp\localhost\2018\php\yii\yii-app\framework\db\ar\CActiveRecord.php(1478): Post->query()
#3 O:\xamp\localhost\2018\php\yii\yii-app\framework\web\CActiveDataProvider.php(199): Post->findAll()
#4 O:\xamp\localhost\2018\php\yii\yii-app\framework\web\CDataProvider.php(168): CActiveDataProvider->fetchData()
#5 O:\xamp\localhost\2018\php\yii\yii-app\framework\zii\widgets\CBaseListView.php(125): CActiveDataProvider->getData()
#6 O:\xamp\localhost\2018\php\yii\yii-app\framework\zii\widgets\CListView.php(211): CListView->init()
#7 O:\xamp\localhost\2018\php\yii\yii-app\framework\web\CBaseController.php(147): CListView->init()
#8 O:\xamp\localhost\2018\php\yii\yii-app\framework\web\CBaseController.php(181): PostController->createWidget()
#9 O:\xamp\localhost\2018\php\yii\yii-app\demos\blog\protected\views\post\index.php(8): PostController->widget()
#10 O:\xamp\localhost\2018\php\yii\yii-app\framework\web\CBaseController.php(126): require()
#11 O:\xamp\localhost\2018\php\yii\yii-app\framework\web\CBaseController.php(95): PostController->renderInternal()
#12 O:\xamp\localhost\2018\php\yii\yii-app\framework\web\CController.php(872): PostController->renderFile()
#13 O:\xamp\localhost\2018\php\yii\yii-app\framework\web\CController.php(785): PostController->renderPartial()
#14 O:\xamp\localhost\2018\php\yii\yii-app\demos\blog\protected\controllers\PostController.php(135): PostController->render()
#15 O:\xamp\localhost\2018\php\yii\yii-app\framework\web\actions\CInlineAction.php(49): PostController->actionIndex()
#16 O:\xamp\localhost\2018\php\yii\yii-app\framework\web\CController.php(308): CInlineAction->runWithParams()
#17 O:\xamp\localhost\2018\php\yii\yii-app\framework\web\filters\CFilterChain.php(134): PostController->runAction()
#18 O:\xamp\localhost\2018\php\yii\yii-app\framework\web\filters\CFilter.php(40): CFilterChain->run()
#19 O:\xamp\localhost\2018\php\yii\yii-app\framework\web\CController.php(1148): CAccessControlFilter->filter()
#20 O:\xamp\localhost\2018\php\yii\yii-app\framework\web\filters\CInlineFilter.php(58): PostController->filterAccessControl()
#21 O:\xamp\localhost\2018\php\yii\yii-app\framework\web\filters\CFilterChain.php(131): CInlineFilter->filter()
#22 O:\xamp\localhost\2018\php\yii\yii-app\framework\web\CController.php(291): CFilterChain->run()
#23 O:\xamp\localhost\2018\php\yii\yii-app\framework\web\CController.php(265): PostController->runActionWithFilters()
#24 O:\xamp\localhost\2018\php\yii\yii-app\framework\web\CWebApplication.php(282): PostController->run()
#25 O:\xamp\localhost\2018\php\yii\yii-app\framework\web\CWebApplication.php(141): CWebApplication->runController()
#26 O:\xamp\localhost\2018\php\yii\yii-app\framework\base\CApplication.php(185): CWebApplication->processRequest()
#27 O:\xamp\localhost\2018\php\yii\yii-app\demos\blog\index.php(11): CWebApplication->run()
REQUEST_URI=/2018/php/yii/yii-app/demos/blog/
2018/06/01 06:08:45 [error] [php] count(): Parameter must be an array or an object that implements Countable (O:\xamp\localhost\2018\php\yii\yii-app\framework\db\ar\CActiveFinder.php:1431)
Stack trace:
#0 O:\xamp\localhost\2018\php\yii\yii-app\framework\db\ar\CActiveFinder.php(68): CJoinElement->find()
#1 O:\xamp\localhost\2018\php\yii\yii-app\framework\db\ar\CActiveRecord.php(1364): CActiveFinder->query()
#2 O:\xamp\localhost\2018\php\yii\yii-app\framework\db\ar\CActiveRecord.php(1478): Post->query()
#3 O:\xamp\localhost\2018\php\yii\yii-app\framework\web\CActiveDataProvider.php(199): Post->findAll()
#4 O:\xamp\localhost\2018\php\yii\yii-app\framework\web\CDataProvider.php(168): CActiveDataProvider->fetchData()
#5 O:\xamp\localhost\2018\php\yii\yii-app\framework\zii\widgets\CBaseListView.php(125): CActiveDataProvider->getData()
#6 O:\xamp\localhost\2018\php\yii\yii-app\framework\zii\widgets\CListView.php(211): CListView->init()
#7 O:\xamp\localhost\2018\php\yii\yii-app\framework\web\CBaseController.php(147): CListView->init()
#8 O:\xamp\localhost\2018\php\yii\yii-app\framework\web\CBaseController.php(181): PostController->createWidget()
#9 O:\xamp\localhost\2018\php\yii\yii-app\demos\blog\protected\views\post\index.php(8): PostController->widget()
#10 O:\xamp\localhost\2018\php\yii\yii-app\framework\web\CBaseController.php(126): require()
#11 O:\xamp\localhost\2018\php\yii\yii-app\framework\web\CBaseController.php(95): PostController->renderInternal()
#12 O:\xamp\localhost\2018\php\yii\yii-app\framework\web\CController.php(872): PostController->renderFile()
#13 O:\xamp\localhost\2018\php\yii\yii-app\framework\web\CController.php(785): PostController->renderPartial()
#14 O:\xamp\localhost\2018\php\yii\yii-app\demos\blog\protected\controllers\PostController.php(135): PostController->render()
#15 O:\xamp\localhost\2018\php\yii\yii-app\framework\web\actions\CInlineAction.php(49): PostController->actionIndex()
#16 O:\xamp\localhost\2018\php\yii\yii-app\framework\web\CController.php(308): CInlineAction->runWithParams()
#17 O:\xamp\localhost\2018\php\yii\yii-app\framework\web\filters\CFilterChain.php(134): PostController->runAction()
#18 O:\xamp\localhost\2018\php\yii\yii-app\framework\web\filters\CFilter.php(40): CFilterChain->run()
#19 O:\xamp\localhost\2018\php\yii\yii-app\framework\web\CController.php(1148): CAccessControlFilter->filter()
#20 O:\xamp\localhost\2018\php\yii\yii-app\framework\web\filters\CInlineFilter.php(58): PostController->filterAccessControl()
#21 O:\xamp\localhost\2018\php\yii\yii-app\framework\web\filters\CFilterChain.php(131): CInlineFilter->filter()
#22 O:\xamp\localhost\2018\php\yii\yii-app\framework\web\CController.php(291): CFilterChain->run()
#23 O:\xamp\localhost\2018\php\yii\yii-app\framework\web\CController.php(265): PostController->runActionWithFilters()
#24 O:\xamp\localhost\2018\php\yii\yii-app\framework\web\CWebApplication.php(282): PostController->run()
#25 O:\xamp\localhost\2018\php\yii\yii-app\framework\web\CWebApplication.php(141): CWebApplication->runController()
#26 O:\xamp\localhost\2018\php\yii\yii-app\framework\base\CApplication.php(185): CWebApplication->processRequest()
#27 O:\xamp\localhost\2018\php\yii\yii-app\demos\blog\index.php(11): CWebApplication->run()
REQUEST_URI=/2018/php/yii/yii-app/demos/blog/index.php/post/index
